SF:lib/core/services/translation/translation_service_impl.dart
DA:8,1
DA:10,1
DA:16,1
DA:17,2
DA:20,1
DA:22,1
DA:23,2
DA:24,1
DA:25,1
DA:26,0
DA:27,1
DA:31,2
DA:32,2
DA:33,4
DA:35,0
LF:15
LH:13
end_of_record
SF:lib/core/service_locator.dart
DA:10,0
DA:12,0
DA:13,0
DA:14,0
DA:16,0
DA:17,0
DA:19,0
DA:20,0
LF:8
LH:0
end_of_record
SF:lib/core/services/speech_to_text/speech_to_text_service.dart
DA:43,0
DA:56,0
LF:2
LH:0
end_of_record
SF:lib/core/services/speech_to_text/speech_to_text_service_impl.dart
DA:12,0
DA:14,0
DA:15,0
DA:16,0
DA:17,0
DA:20,0
DA:21,0
DA:22,0
DA:25,0
DA:28,0
DA:33,0
DA:36,0
DA:37,0
DA:38,0
DA:39,0
DA:40,0
DA:41,0
DA:42,0
DA:43,0
DA:44,0
DA:52,0
DA:56,0
DA:58,0
DA:59,0
DA:62,0
DA:64,0
DA:65,0
DA:68,0
DA:69,0
DA:71,0
DA:72,0
DA:74,0
DA:75,0
DA:77,0
DA:79,0
DA:81,0
DA:82,0
DA:85,0
DA:87,0
LF:39
LH:0
end_of_record
SF:lib/core/services/permission/permission_service_impl.dart
DA:5,0
DA:7,0
DA:8,0
DA:11,0
DA:13,0
LF:5
LH:0
end_of_record
SF:lib/main.dart
DA:4,0
DA:5,0
DA:6,0
DA:10,3
DA:13,1
DA:15,1
DA:17,1
DA:18,1
DA:26,2
DA:30,1
DA:31,1
DA:37,1
DA:38,2
DA:39,2
DA:43,1
DA:45,1
DA:46,1
DA:47,3
DA:48,3
DA:50,1
DA:51,1
DA:53,1
DA:55,1
DA:56,2
DA:57,3
DA:62,1
DA:63,1
LF:27
LH:24
end_of_record
